<?xml version="1.0" encoding="UTF-8"?>
<testng-results total="2" passed="1" failed="1" skipped="0">
  <reporter-output>
  </reporter-output>
  <suite started-at="2019-10-27T10:10:19Z" name="Default suite" finished-at="2019-10-27T10:10:36Z" duration-ms="17339">
    <groups>
    </groups>
    <test started-at="2019-10-27T10:10:19Z" name="Default test" finished-at="2019-10-27T10:10:36Z" duration-ms="17339">
      <class name="FreeCRMTest">
        <test-method is-config="true" signature="SetExtent()[pri:0, instance:FreeCRMTest@6dc17b83]" started-at="2019-10-27T15:40:19Z" name="SetExtent" finished-at="2019-10-27T15:40:19Z" duration-ms="311" status="PASS">
          <reporter-output>
          </reporter-output>
        </test-method> <!-- SetExtent -->
        <test-method is-config="true" signature="setUp()[pri:0, instance:FreeCRMTest@6dc17b83]" started-at="2019-10-27T15:40:19Z" name="setUp" finished-at="2019-10-27T15:40:27Z" duration-ms="7184" status="PASS">
          <reporter-output>
          </reporter-output>
        </test-method> <!-- setUp -->
        <test-method signature="FreeCRMTitleTest()[pri:0, instance:FreeCRMTest@6dc17b83]" started-at="2019-10-27T15:40:27Z" name="FreeCRMTitleTest" finished-at="2019-10-27T15:40:27Z" duration-ms="67" status="FAIL">
          <exception class="junit.framework.ComparisonFailure">
            <message>
              <![CDATA[expected:<... sales, and support.[]> but was:<... sales, and support.[1]>]]>
            </message>
            <full-stacktrace>
              <![CDATA[junit.framework.ComparisonFailure: expected:<... sales, and support.[]> but was:<... sales, and support.[1]>
	at junit.framework.Assert.assertEquals(Assert.java:85)
	at junit.framework.Assert.assertEquals(Assert.java:91)
	at FreeCRMTest.FreeCRMTitleTest(FreeCRMTest.java:90)
	at java.base/jdk.internal.reflect.NativeMethodAccessorImpl.invoke0(Native Method)
	at java.base/jdk.internal.reflect.NativeMethodAccessorImpl.invoke(NativeMethodAccessorImpl.java:62)
	at java.base/jdk.internal.reflect.DelegatingMethodAccessorImpl.invoke(DelegatingMethodAccessorImpl.java:43)
	at java.base/java.lang.reflect.Method.invoke(Method.java:564)
	at org.testng.internal.MethodInvocationHelper.invokeMethod(MethodInvocationHelper.java:80)
	at org.testng.internal.Invoker.invokeMethod(Invoker.java:714)
	at org.testng.internal.Invoker.invokeTestMethod(Invoker.java:901)
	at org.testng.internal.Invoker.invokeTestMethods(Invoker.java:1231)
	at org.testng.internal.TestMethodWorker.invokeTestMethods(TestMethodWorker.java:127)
	at org.testng.internal.TestMethodWorker.run(TestMethodWorker.java:111)
	at org.testng.TestRunner.privateRun(TestRunner.java:767)
	at org.testng.TestRunner.run(TestRunner.java:617)
	at org.testng.SuiteRunner.runTest(SuiteRunner.java:334)
	at org.testng.SuiteRunner.runSequentially(SuiteRunner.java:329)
	at org.testng.SuiteRunner.privateRun(SuiteRunner.java:291)
	at org.testng.SuiteRunner.run(SuiteRunner.java:240)
	at org.testng.SuiteRunnerWorker.runSuite(SuiteRunnerWorker.java:52)
	at org.testng.SuiteRunnerWorker.run(SuiteRunnerWorker.java:86)
	at org.testng.TestNG.runSuitesSequentially(TestNG.java:1198)
	at org.testng.TestNG.runSuitesLocally(TestNG.java:1123)
	at org.testng.TestNG.run(TestNG.java:1031)
	at org.testng.remote.RemoteTestNG.run(RemoteTestNG.java:115)
	at org.testng.remote.RemoteTestNG.initAndRun(RemoteTestNG.java:207)
	at org.testng.remote.RemoteTestNG.main(RemoteTestNG.java:178)
]]>
            </full-stacktrace>
          </exception> <!-- junit.framework.ComparisonFailure -->
          <reporter-output>
          </reporter-output>
        </test-method> <!-- FreeCRMTitleTest -->
        <test-method is-config="true" signature="tearDown(org.testng.ITestResult)[pri:0, instance:FreeCRMTest@6dc17b83]" started-at="2019-10-27T15:40:27Z" name="tearDown" finished-at="2019-10-27T15:40:28Z" duration-ms="1307" status="PASS">
          <params>
            <param index="0">
              <value>
                <![CDATA[[TestResult name=FreeCRMTitleTest status=FAILURE method=FreeCRMTest.FreeCRMTitleTest()[pri:0, instance:FreeCRMTest@6dc17b83] output={null}]]]>
              </value>
            </param>
          </params>
          <reporter-output>
          </reporter-output>
        </test-method> <!-- tearDown -->
        <test-method is-config="true" signature="setUp()[pri:0, instance:FreeCRMTest@6dc17b83]" started-at="2019-10-27T15:40:28Z" name="setUp" finished-at="2019-10-27T15:40:35Z" duration-ms="6656" status="PASS">
          <reporter-output>
          </reporter-output>
        </test-method> <!-- setUp -->
        <test-method signature="freemCRMLogoTest()[pri:0, instance:FreeCRMTest@6dc17b83]" started-at="2019-10-27T15:40:35Z" name="freemCRMLogoTest" finished-at="2019-10-27T15:40:35Z" duration-ms="341" status="PASS">
          <reporter-output>
          </reporter-output>
        </test-method> <!-- freemCRMLogoTest -->
        <test-method is-config="true" signature="tearDown(org.testng.ITestResult)[pri:0, instance:FreeCRMTest@6dc17b83]" started-at="2019-10-27T15:40:35Z" name="tearDown" finished-at="2019-10-27T15:40:36Z" duration-ms="853" status="PASS">
          <params>
            <param index="0">
              <value>
                <![CDATA[[TestResult name=freemCRMLogoTest status=SUCCESS method=FreeCRMTest.freemCRMLogoTest()[pri:0, instance:FreeCRMTest@6dc17b83] output={null}]]]>
              </value>
            </param>
          </params>
          <reporter-output>
          </reporter-output>
        </test-method> <!-- tearDown -->
        <test-method is-config="true" signature="endReport()[pri:0, instance:FreeCRMTest@6dc17b83]" started-at="2019-10-27T15:40:36Z" name="endReport" finished-at="2019-10-27T15:40:36Z" duration-ms="597" status="PASS">
          <reporter-output>
          </reporter-output>
        </test-method> <!-- endReport -->
      </class> <!-- FreeCRMTest -->
    </test> <!-- Default test -->
  </suite> <!-- Default suite -->
</testng-results>
